<?xml version="1.0" encoding="UTF-8"?>
<!-- Generated by org.testng.reporters.JUnitReportReporter -->
<testsuite hostname="DESKTOP-NFATJD6" failures="0" tests="2" name="testcases.AddContactsPageTest" time="24.503" errors="0" timestamp="27 Aug 2019 01:52:14 GMT" skipped="0">
  <testcase classname="testcases.AddContactsPageTest" name="verifyAddContactaLabelTest" time="12.358"/>
  <testcase classname="testcases.AddContactsPageTest" name="addContactTest" time="12.145"/>
</testsuite> <!-- testcases.AddContactsPageTest -->
