<?xml version="1.0" encoding="UTF-8"?>
<!-- Generated by org.testng.reporters.JUnitReportReporter -->
<testsuite hostname="DESKTOP-NFATJD6" failures="0" tests="2" name="com.crm.qa.testcases.LoginPageTest" time="13.008" errors="0" timestamp="22 Aug 2019 06:10:55 GMT" skipped="0">
  <testcase classname="com.crm.qa.testcases.LoginPageTest" name="loginTest" time="7.554"/>
  <testcase classname="com.crm.qa.testcases.LoginPageTest" name="loginpageTitleTest" time="5.454"/>
</testsuite> <!-- com.crm.qa.testcases.LoginPageTest -->
