<?xml version="1.0" encoding="UTF-8"?>
<!-- Generated by org.testng.reporters.JUnitReportReporter -->
<testsuite hostname="DESKTOP-NFATJD6" failures="0" tests="3" name="testcases.HomePageTest" time="27.727" errors="0" timestamp="24 Aug 2019 19:36:19 GMT" skipped="0">
  <testcase classname="testcases.HomePageTest" name="verifyHomePageTitleTest" time="8.674"/>
  <testcase classname="testcases.HomePageTest" name="verifyWelcomeMessageTest" time="8.658"/>
  <testcase classname="testcases.HomePageTest" name="clickAddContactTest" time="10.395"/>
</testsuite> <!-- testcases.HomePageTest -->
