<?xml version="1.0" encoding="UTF-8"?>
<!-- Generated by org.testng.reporters.JUnitReportReporter -->
<testsuite hostname="DESKTOP-NFATJD6" failures="0" tests="2" name="com.crm.qa.testcases.AddContactsPageTest" time="19.395" errors="0" timestamp="22 Aug 2019 01:53:12 GMT" skipped="0">
  <testcase classname="com.crm.qa.testcases.AddContactsPageTest" name="verifyAddContactaLabelTest" time="9.837"/>
  <testcase classname="com.crm.qa.testcases.AddContactsPageTest" name="addContactTest" time="9.558"/>
</testsuite> <!-- com.crm.qa.testcases.AddContactsPageTest -->
