<?xml version="1.0" encoding="UTF-8"?>
<!-- Generated by org.testng.reporters.JUnitReportReporter -->
<testsuite hostname="DESKTOP-NFATJD6" failures="0" tests="2" name="testcases.LoginPageTest" time="13.685" errors="0" timestamp="30 Aug 2019 04:01:18 GMT" skipped="0">
  <testcase classname="testcases.LoginPageTest" name="loginTest" time="7.565"/>
  <testcase classname="testcases.LoginPageTest" name="loginpageTitleTest" time="6.120"/>
</testsuite> <!-- testcases.LoginPageTest -->
