<?xml version="1.0" encoding="UTF-8"?>
<!-- Generated by org.testng.reporters.JUnitReportReporter -->
<testsuite hostname="DESKTOP-NFATJD6" failures="0" tests="1" name="extentReportListener.ExtentReportsClass" time="0.733" errors="0" timestamp="22 Aug 2019 19:40:01 GMT" skipped="0">
  <testcase classname="extentReportListener.ExtentReportsClass" name="loginTest" time="0.733"/>
</testsuite> <!-- extentReportListener.ExtentReportsClass -->
