<?xml version="1.0" encoding="UTF-8"?>
<!-- Generated by org.testng.reporters.JUnitReportReporter -->
<testsuite hostname="DESKTOP-NFATJD6" failures="0" tests="3" name="com.crm.qa.testcases.HomePageTest" time="22.392" errors="0" timestamp="21 Aug 2019 22:47:55 GMT" skipped="0">
  <testcase classname="com.crm.qa.testcases.HomePageTest" name="verifyHomePageTitleTest" time="7.149"/>
  <testcase classname="com.crm.qa.testcases.HomePageTest" name="verifyWelcomeMessageTest" time="7.106"/>
  <testcase classname="com.crm.qa.testcases.HomePageTest" name="clickAddContactTest" time="8.137"/>
</testsuite> <!-- com.crm.qa.testcases.HomePageTest -->
